<?xml version="1.0" encoding="UTF-8"?>
<testsuites>
  <testsuite name="" tests="41" assertions="111" errors="0" warnings="0" failures="0" skipped="0" time="0.778696">
    <testsuite name="Project Test Suite" tests="41" assertions="111" errors="0" warnings="0" failures="0" skipped="0" time="0.778696">
      <testsuite name="Caas23\Card\CardHandTest" file="/home/caas23/dbwebb-kurser/mvc/me/report/tests/Card/CardHandTest.php" tests="4" assertions="5" errors="0" warnings="0" failures="0" skipped="0" time="0.030105">
        <testcase name="testCreateHand" class="Caas23\Card\CardHandTest" classname="Caas23.Card.CardHandTest" file="/home/caas23/dbwebb-kurser/mvc/me/report/tests/Card/CardHandTest.php" line="15" assertions="1" time="0.010502"/>
        <testcase name="testAddStubbedCards" class="Caas23\Card\CardHandTest" classname="Caas23.Card.CardHandTest" file="/home/caas23/dbwebb-kurser/mvc/me/report/tests/Card/CardHandTest.php" line="24" assertions="2" time="0.017501"/>
        <testcase name="testGetOneCardFromHand" class="Caas23\Card\CardHandTest" classname="Caas23.Card.CardHandTest" file="/home/caas23/dbwebb-kurser/mvc/me/report/tests/Card/CardHandTest.php" line="40" assertions="1" time="0.001727"/>
        <testcase name="testGetCardEmptyHand" class="Caas23\Card\CardHandTest" classname="Caas23.Card.CardHandTest" file="/home/caas23/dbwebb-kurser/mvc/me/report/tests/Card/CardHandTest.php" line="60" assertions="1" time="0.000375"/>
      </testsuite>
      <testsuite name="Caas23\Card\CardMultipleTest" file="/home/caas23/dbwebb-kurser/mvc/me/report/tests/Card/CardMultipleTest.php" tests="3" assertions="7" errors="0" warnings="0" failures="0" skipped="0" time="0.008682">
        <testcase name="testCreate" class="Caas23\Card\CardMultipleTest" classname="Caas23.Card.CardMultipleTest" file="/home/caas23/dbwebb-kurser/mvc/me/report/tests/Card/CardMultipleTest.php" line="16" assertions="1" time="0.000861"/>
        <testcase name="testDrawMutliple" class="Caas23\Card\CardMultipleTest" classname="Caas23.Card.CardMultipleTest" file="/home/caas23/dbwebb-kurser/mvc/me/report/tests/Card/CardMultipleTest.php" line="25" assertions="3" time="0.006837"/>
        <testcase name="testDrawMutlipleJokers" class="Caas23\Card\CardMultipleTest" classname="Caas23.Card.CardMultipleTest" file="/home/caas23/dbwebb-kurser/mvc/me/report/tests/Card/CardMultipleTest.php" line="41" assertions="3" time="0.000985"/>
      </testsuite>
      <testsuite name="Caas23\Card\CardTest" file="/home/caas23/dbwebb-kurser/mvc/me/report/tests/Card/CardTest.php" tests="3" assertions="9" errors="0" warnings="0" failures="0" skipped="0" time="0.004457">
        <testcase name="testCreateCard" class="Caas23\Card\CardTest" classname="Caas23.Card.CardTest" file="/home/caas23/dbwebb-kurser/mvc/me/report/tests/Card/CardTest.php" line="16" assertions="1" time="0.000427"/>
        <testcase name="testGetOneCard" class="Caas23\Card\CardTest" classname="Caas23.Card.CardTest" file="/home/caas23/dbwebb-kurser/mvc/me/report/tests/Card/CardTest.php" line="25" assertions="2" time="0.000541"/>
        <testcase name="testGetValueOfCard" class="Caas23\Card\CardTest" classname="Caas23.Card.CardTest" file="/home/caas23/dbwebb-kurser/mvc/me/report/tests/Card/CardTest.php" line="38" assertions="6" time="0.003489"/>
      </testsuite>
      <testsuite name="Caas23\Card\CardValuesTest" file="/home/caas23/dbwebb-kurser/mvc/me/report/tests/Card/CardValuesTest.php" tests="3" assertions="3" errors="0" warnings="0" failures="0" skipped="0" time="0.004366">
        <testcase name="testCreateParent" class="Caas23\Card\CardValuesTest" classname="Caas23.Card.CardValuesTest" file="/home/caas23/dbwebb-kurser/mvc/me/report/tests/Card/CardValuesTest.php" line="17" assertions="1" time="0.002063"/>
        <testcase name="testSetValue" class="Caas23\Card\CardValuesTest" classname="Caas23.Card.CardValuesTest" file="/home/caas23/dbwebb-kurser/mvc/me/report/tests/Card/CardValuesTest.php" line="26" assertions="1" time="0.001504"/>
        <testcase name="testSetAceValue" class="Caas23\Card\CardValuesTest" classname="Caas23.Card.CardValuesTest" file="/home/caas23/dbwebb-kurser/mvc/me/report/tests/Card/CardValuesTest.php" line="40" assertions="1" time="0.000799"/>
      </testsuite>
      <testsuite name="Caas23\Card\DeckOfCardsJokerTest" file="/home/caas23/dbwebb-kurser/mvc/me/report/tests/Card/DeckOfCardsJokerTest.php" tests="2" assertions="5" errors="0" warnings="0" failures="0" skipped="0" time="0.003250">
        <testcase name="testCreateDeck" class="Caas23\Card\DeckOfCardsJokerTest" classname="Caas23.Card.DeckOfCardsJokerTest" file="/home/caas23/dbwebb-kurser/mvc/me/report/tests/Card/DeckOfCardsJokerTest.php" line="15" assertions="1" time="0.001477"/>
        <testcase name="testGetDeckOfCards" class="Caas23\Card\DeckOfCardsJokerTest" classname="Caas23.Card.DeckOfCardsJokerTest" file="/home/caas23/dbwebb-kurser/mvc/me/report/tests/Card/DeckOfCardsJokerTest.php" line="24" assertions="4" time="0.001773"/>
      </testsuite>
      <testsuite name="Caas23\Card\DeckOfCardsTest" file="/home/caas23/dbwebb-kurser/mvc/me/report/tests/Card/DeckOfCardsTest.php" tests="3" assertions="6" errors="0" warnings="0" failures="0" skipped="0" time="0.004413">
        <testcase name="testCreateDeck" class="Caas23\Card\DeckOfCardsTest" classname="Caas23.Card.DeckOfCardsTest" file="/home/caas23/dbwebb-kurser/mvc/me/report/tests/Card/DeckOfCardsTest.php" line="15" assertions="1" time="0.000385"/>
        <testcase name="testGetDeckOfCards" class="Caas23\Card\DeckOfCardsTest" classname="Caas23.Card.DeckOfCardsTest" file="/home/caas23/dbwebb-kurser/mvc/me/report/tests/Card/DeckOfCardsTest.php" line="24" assertions="2" time="0.000517"/>
        <testcase name="testGetDeckOfCardsShuffled" class="Caas23\Card\DeckOfCardsTest" classname="Caas23.Card.DeckOfCardsTest" file="/home/caas23/dbwebb-kurser/mvc/me/report/tests/Card/DeckOfCardsTest.php" line="35" assertions="3" time="0.003512"/>
      </testsuite>
      <testsuite name="Caas23\Card\GameWinnerTest" file="/home/caas23/dbwebb-kurser/mvc/me/report/tests/Card/GameWinnerTest.php" tests="4" assertions="4" errors="0" warnings="0" failures="0" skipped="0" time="0.002514">
        <testcase name="testCreateParent" class="Caas23\Card\GameWinnerTest" classname="Caas23.Card.GameWinnerTest" file="/home/caas23/dbwebb-kurser/mvc/me/report/tests/Card/GameWinnerTest.php" line="17" assertions="1" time="0.000426"/>
        <testcase name="testAddWinnerToSession" class="Caas23\Card\GameWinnerTest" classname="Caas23.Card.GameWinnerTest" file="/home/caas23/dbwebb-kurser/mvc/me/report/tests/Card/GameWinnerTest.php" line="27" assertions="1" time="0.000666"/>
        <testcase name="testcheckWinnerBanksTurn" class="Caas23\Card\GameWinnerTest" classname="Caas23.Card.GameWinnerTest" file="/home/caas23/dbwebb-kurser/mvc/me/report/tests/Card/GameWinnerTest.php" line="38" assertions="1" time="0.000750"/>
        <testcase name="testcheckWinnerPlayersTurn" class="Caas23\Card\GameWinnerTest" classname="Caas23.Card.GameWinnerTest" file="/home/caas23/dbwebb-kurser/mvc/me/report/tests/Card/GameWinnerTest.php" line="50" assertions="1" time="0.000673"/>
      </testsuite>
      <testsuite name="Caas23\Card\SessionHandlerTest" file="/home/caas23/dbwebb-kurser/mvc/me/report/tests/Card/SessionHandlerTest.php" tests="3" assertions="3" errors="0" warnings="0" failures="0" skipped="0" time="0.002066">
        <testcase name="testCreateParent" class="Caas23\Card\SessionHandlerTest" classname="Caas23.Card.SessionHandlerTest" file="/home/caas23/dbwebb-kurser/mvc/me/report/tests/Card/SessionHandlerTest.php" line="17" assertions="1" time="0.000491"/>
        <testcase name="testSessionInit" class="Caas23\Card\SessionHandlerTest" classname="Caas23.Card.SessionHandlerTest" file="/home/caas23/dbwebb-kurser/mvc/me/report/tests/Card/SessionHandlerTest.php" line="26" assertions="1" time="0.000862"/>
        <testcase name="testcheckBust" class="Caas23\Card\SessionHandlerTest" classname="Caas23.Card.SessionHandlerTest" file="/home/caas23/dbwebb-kurser/mvc/me/report/tests/Card/SessionHandlerTest.php" line="38" assertions="1" time="0.000712"/>
      </testsuite>
      <testsuite name="Caas23\Project\ChartFunctions2Test" file="/home/caas23/dbwebb-kurser/mvc/me/report/tests/Project/ChartFunctions2Test.php" tests="2" assertions="4" errors="0" warnings="0" failures="0" skipped="0" time="0.528250">
        <testcase name="testSetUpHealth" class="Caas23\Project\ChartFunctions2Test" classname="Caas23.Project.ChartFunctions2Test" file="/home/caas23/dbwebb-kurser/mvc/me/report/tests/Project/ChartFunctions2Test.php" line="31" assertions="2" time="0.430921"/>
        <testcase name="testSetUpEnergy" class="Caas23\Project\ChartFunctions2Test" classname="Caas23.Project.ChartFunctions2Test" file="/home/caas23/dbwebb-kurser/mvc/me/report/tests/Project/ChartFunctions2Test.php" line="44" assertions="2" time="0.097330"/>
      </testsuite>
      <testsuite name="Caas23\Project\ChartFunctionsTest" file="/home/caas23/dbwebb-kurser/mvc/me/report/tests/Project/ChartFunctionsTest.php" tests="9" assertions="27" errors="0" warnings="0" failures="0" skipped="0" time="0.012013">
        <testcase name="testCreate" class="Caas23\Project\ChartFunctionsTest" classname="Caas23.Project.ChartFunctionsTest" file="/home/caas23/dbwebb-kurser/mvc/me/report/tests/Project/ChartFunctionsTest.php" line="20" assertions="1" time="0.000446"/>
        <testcase name="testSetOptionsDoughnutHealth" class="Caas23\Project\ChartFunctionsTest" classname="Caas23.Project.ChartFunctionsTest" file="/home/caas23/dbwebb-kurser/mvc/me/report/tests/Project/ChartFunctionsTest.php" line="30" assertions="2" time="0.003271"/>
        <testcase name="testSetOptionsBarHealth" class="Caas23\Project\ChartFunctionsTest" classname="Caas23.Project.ChartFunctionsTest" file="/home/caas23/dbwebb-kurser/mvc/me/report/tests/Project/ChartFunctionsTest.php" line="43" assertions="2" time="0.000680"/>
        <testcase name="testSetOptionsEnergy" class="Caas23\Project\ChartFunctionsTest" classname="Caas23.Project.ChartFunctionsTest" file="/home/caas23/dbwebb-kurser/mvc/me/report/tests/Project/ChartFunctionsTest.php" line="56" assertions="2" time="0.000643"/>
        <testcase name="testSetDataDoughnutHealth" class="Caas23\Project\ChartFunctionsTest" classname="Caas23.Project.ChartFunctionsTest" file="/home/caas23/dbwebb-kurser/mvc/me/report/tests/Project/ChartFunctionsTest.php" line="69" assertions="4" time="0.003282"/>
        <testcase name="testSetDataBarHealth" class="Caas23\Project\ChartFunctionsTest" classname="Caas23.Project.ChartFunctionsTest" file="/home/caas23/dbwebb-kurser/mvc/me/report/tests/Project/ChartFunctionsTest.php" line="93" assertions="4" time="0.000997"/>
        <testcase name="testSetDataEnergyUse" class="Caas23\Project\ChartFunctionsTest" classname="Caas23.Project.ChartFunctionsTest" file="/home/caas23/dbwebb-kurser/mvc/me/report/tests/Project/ChartFunctionsTest.php" line="119" assertions="4" time="0.000877"/>
        <testcase name="testSetDataEnergySupply" class="Caas23\Project\ChartFunctionsTest" classname="Caas23.Project.ChartFunctionsTest" file="/home/caas23/dbwebb-kurser/mvc/me/report/tests/Project/ChartFunctionsTest.php" line="144" assertions="4" time="0.000888"/>
        <testcase name="testSetDataEnergyPetro" class="Caas23\Project\ChartFunctionsTest" classname="Caas23.Project.ChartFunctionsTest" file="/home/caas23/dbwebb-kurser/mvc/me/report/tests/Project/ChartFunctionsTest.php" line="169" assertions="4" time="0.000929"/>
      </testsuite>
      <testsuite name="Caas23\Project\DeceasedCovidFunctionsTest" file="/home/caas23/dbwebb-kurser/mvc/me/report/tests/Project/DeceasedCovidFunctionsTest.php" tests="1" assertions="14" errors="0" warnings="0" failures="0" skipped="0" time="0.046585">
        <testcase name="testGetData" class="Caas23\Project\DeceasedCovidFunctionsTest" classname="Caas23.Project.DeceasedCovidFunctionsTest" file="/home/caas23/dbwebb-kurser/mvc/me/report/tests/Project/DeceasedCovidFunctionsTest.php" line="27" assertions="14" time="0.046585"/>
      </testsuite>
      <testsuite name="Caas23\Project\DeceasedGeneralFunctionsTest" file="/home/caas23/dbwebb-kurser/mvc/me/report/tests/Project/DeceasedGeneralFunctionsTest.php" tests="1" assertions="4" errors="0" warnings="0" failures="0" skipped="0" time="0.030730">
        <testcase name="testGetData" class="Caas23\Project\DeceasedGeneralFunctionsTest" classname="Caas23.Project.DeceasedGeneralFunctionsTest" file="/home/caas23/dbwebb-kurser/mvc/me/report/tests/Project/DeceasedGeneralFunctionsTest.php" line="27" assertions="4" time="0.030730"/>
      </testsuite>
      <testsuite name="Caas23\Project\EnergyPetroFunctionsTest" file="/home/caas23/dbwebb-kurser/mvc/me/report/tests/Project/EnergyPetroFunctionsTest.php" tests="1" assertions="9" errors="0" warnings="0" failures="0" skipped="0" time="0.033762">
        <testcase name="testGetData" class="Caas23\Project\EnergyPetroFunctionsTest" classname="Caas23.Project.EnergyPetroFunctionsTest" file="/home/caas23/dbwebb-kurser/mvc/me/report/tests/Project/EnergyPetroFunctionsTest.php" line="27" assertions="9" time="0.033762"/>
      </testsuite>
      <testsuite name="Caas23\Project\EnergySupplyFunctionsTest" file="/home/caas23/dbwebb-kurser/mvc/me/report/tests/Project/EnergySupplyFunctionsTest.php" tests="1" assertions="7" errors="0" warnings="0" failures="0" skipped="0" time="0.034290">
        <testcase name="testGetData" class="Caas23\Project\EnergySupplyFunctionsTest" classname="Caas23.Project.EnergySupplyFunctionsTest" file="/home/caas23/dbwebb-kurser/mvc/me/report/tests/Project/EnergySupplyFunctionsTest.php" line="27" assertions="7" time="0.034290"/>
      </testsuite>
      <testsuite name="Caas23\Project\EnergyUseFunctionsTest" file="/home/caas23/dbwebb-kurser/mvc/me/report/tests/Project/EnergyUseFunctionsTest.php" tests="1" assertions="4" errors="0" warnings="0" failures="0" skipped="0" time="0.033212">
        <testcase name="testGetData" class="Caas23\Project\EnergyUseFunctionsTest" classname="Caas23.Project.EnergyUseFunctionsTest" file="/home/caas23/dbwebb-kurser/mvc/me/report/tests/Project/EnergyUseFunctionsTest.php" line="27" assertions="4" time="0.033212"/>
      </testsuite>
    </testsuite>
  </testsuite>
</testsuites>
