<?xml version="1.0" encoding="UTF-8"?>
<testsuites>
  <testsuite name="" tests="41" assertions="111" errors="0" warnings="0" failures="0" skipped="0" time="0.763506">
    <testsuite name="Project Test Suite" tests="41" assertions="111" errors="0" warnings="0" failures="0" skipped="0" time="0.763506">
      <testsuite name="Caas23\Card\CardHandTest" file="/home/caas23/dbwebb-kurser/mvc/me/report/tests/Card/CardHandTest.php" tests="4" assertions="5" errors="0" warnings="0" failures="0" skipped="0" time="0.032525">
        <testcase name="testCreateHand" class="Caas23\Card\CardHandTest" classname="Caas23.Card.CardHandTest" file="/home/caas23/dbwebb-kurser/mvc/me/report/tests/Card/CardHandTest.php" line="15" assertions="1" time="0.012119"/>
        <testcase name="testAddStubbedCards" class="Caas23\Card\CardHandTest" classname="Caas23.Card.CardHandTest" file="/home/caas23/dbwebb-kurser/mvc/me/report/tests/Card/CardHandTest.php" line="24" assertions="2" time="0.017950"/>
        <testcase name="testGetOneCardFromHand" class="Caas23\Card\CardHandTest" classname="Caas23.Card.CardHandTest" file="/home/caas23/dbwebb-kurser/mvc/me/report/tests/Card/CardHandTest.php" line="40" assertions="1" time="0.001678"/>
        <testcase name="testGetCardEmptyHand" class="Caas23\Card\CardHandTest" classname="Caas23.Card.CardHandTest" file="/home/caas23/dbwebb-kurser/mvc/me/report/tests/Card/CardHandTest.php" line="60" assertions="1" time="0.000778"/>
      </testsuite>
      <testsuite name="Caas23\Card\CardMultipleTest" file="/home/caas23/dbwebb-kurser/mvc/me/report/tests/Card/CardMultipleTest.php" tests="3" assertions="7" errors="0" warnings="0" failures="0" skipped="0" time="0.009191">
        <testcase name="testCreate" class="Caas23\Card\CardMultipleTest" classname="Caas23.Card.CardMultipleTest" file="/home/caas23/dbwebb-kurser/mvc/me/report/tests/Card/CardMultipleTest.php" line="16" assertions="1" time="0.001021"/>
        <testcase name="testDrawMutliple" class="Caas23\Card\CardMultipleTest" classname="Caas23.Card.CardMultipleTest" file="/home/caas23/dbwebb-kurser/mvc/me/report/tests/Card/CardMultipleTest.php" line="25" assertions="3" time="0.007161"/>
        <testcase name="testDrawMutlipleJokers" class="Caas23\Card\CardMultipleTest" classname="Caas23.Card.CardMultipleTest" file="/home/caas23/dbwebb-kurser/mvc/me/report/tests/Card/CardMultipleTest.php" line="41" assertions="3" time="0.001009"/>
      </testsuite>
      <testsuite name="Caas23\Card\CardTest" file="/home/caas23/dbwebb-kurser/mvc/me/report/tests/Card/CardTest.php" tests="3" assertions="9" errors="0" warnings="0" failures="0" skipped="0" time="0.004374">
        <testcase name="testCreateCard" class="Caas23\Card\CardTest" classname="Caas23.Card.CardTest" file="/home/caas23/dbwebb-kurser/mvc/me/report/tests/Card/CardTest.php" line="16" assertions="1" time="0.000425"/>
        <testcase name="testGetOneCard" class="Caas23\Card\CardTest" classname="Caas23.Card.CardTest" file="/home/caas23/dbwebb-kurser/mvc/me/report/tests/Card/CardTest.php" line="25" assertions="2" time="0.000467"/>
        <testcase name="testGetValueOfCard" class="Caas23\Card\CardTest" classname="Caas23.Card.CardTest" file="/home/caas23/dbwebb-kurser/mvc/me/report/tests/Card/CardTest.php" line="38" assertions="6" time="0.003482"/>
      </testsuite>
      <testsuite name="Caas23\Card\CardValuesTest" file="/home/caas23/dbwebb-kurser/mvc/me/report/tests/Card/CardValuesTest.php" tests="3" assertions="3" errors="0" warnings="0" failures="0" skipped="0" time="0.004604">
        <testcase name="testCreateParent" class="Caas23\Card\CardValuesTest" classname="Caas23.Card.CardValuesTest" file="/home/caas23/dbwebb-kurser/mvc/me/report/tests/Card/CardValuesTest.php" line="17" assertions="1" time="0.002338"/>
        <testcase name="testSetValue" class="Caas23\Card\CardValuesTest" classname="Caas23.Card.CardValuesTest" file="/home/caas23/dbwebb-kurser/mvc/me/report/tests/Card/CardValuesTest.php" line="26" assertions="1" time="0.001500"/>
        <testcase name="testSetAceValue" class="Caas23\Card\CardValuesTest" classname="Caas23.Card.CardValuesTest" file="/home/caas23/dbwebb-kurser/mvc/me/report/tests/Card/CardValuesTest.php" line="40" assertions="1" time="0.000766"/>
      </testsuite>
      <testsuite name="Caas23\Card\DeckOfCardsJokerTest" file="/home/caas23/dbwebb-kurser/mvc/me/report/tests/Card/DeckOfCardsJokerTest.php" tests="2" assertions="5" errors="0" warnings="0" failures="0" skipped="0" time="0.002754">
        <testcase name="testCreateDeck" class="Caas23\Card\DeckOfCardsJokerTest" classname="Caas23.Card.DeckOfCardsJokerTest" file="/home/caas23/dbwebb-kurser/mvc/me/report/tests/Card/DeckOfCardsJokerTest.php" line="15" assertions="1" time="0.000996"/>
        <testcase name="testGetDeckOfCards" class="Caas23\Card\DeckOfCardsJokerTest" classname="Caas23.Card.DeckOfCardsJokerTest" file="/home/caas23/dbwebb-kurser/mvc/me/report/tests/Card/DeckOfCardsJokerTest.php" line="24" assertions="4" time="0.001758"/>
      </testsuite>
      <testsuite name="Caas23\Card\DeckOfCardsTest" file="/home/caas23/dbwebb-kurser/mvc/me/report/tests/Card/DeckOfCardsTest.php" tests="3" assertions="6" errors="0" warnings="0" failures="0" skipped="0" time="0.004382">
        <testcase name="testCreateDeck" class="Caas23\Card\DeckOfCardsTest" classname="Caas23.Card.DeckOfCardsTest" file="/home/caas23/dbwebb-kurser/mvc/me/report/tests/Card/DeckOfCardsTest.php" line="15" assertions="1" time="0.000438"/>
        <testcase name="testGetDeckOfCards" class="Caas23\Card\DeckOfCardsTest" classname="Caas23.Card.DeckOfCardsTest" file="/home/caas23/dbwebb-kurser/mvc/me/report/tests/Card/DeckOfCardsTest.php" line="24" assertions="2" time="0.000478"/>
        <testcase name="testGetDeckOfCardsShuffled" class="Caas23\Card\DeckOfCardsTest" classname="Caas23.Card.DeckOfCardsTest" file="/home/caas23/dbwebb-kurser/mvc/me/report/tests/Card/DeckOfCardsTest.php" line="35" assertions="3" time="0.003466"/>
      </testsuite>
      <testsuite name="Caas23\Card\GameWinnerTest" file="/home/caas23/dbwebb-kurser/mvc/me/report/tests/Card/GameWinnerTest.php" tests="4" assertions="4" errors="0" warnings="0" failures="0" skipped="0" time="0.003442">
        <testcase name="testCreateParent" class="Caas23\Card\GameWinnerTest" classname="Caas23.Card.GameWinnerTest" file="/home/caas23/dbwebb-kurser/mvc/me/report/tests/Card/GameWinnerTest.php" line="17" assertions="1" time="0.000441"/>
        <testcase name="testAddWinnerToSession" class="Caas23\Card\GameWinnerTest" classname="Caas23.Card.GameWinnerTest" file="/home/caas23/dbwebb-kurser/mvc/me/report/tests/Card/GameWinnerTest.php" line="27" assertions="1" time="0.000613"/>
        <testcase name="testcheckWinnerBanksTurn" class="Caas23\Card\GameWinnerTest" classname="Caas23.Card.GameWinnerTest" file="/home/caas23/dbwebb-kurser/mvc/me/report/tests/Card/GameWinnerTest.php" line="38" assertions="1" time="0.000873"/>
        <testcase name="testcheckWinnerPlayersTurn" class="Caas23\Card\GameWinnerTest" classname="Caas23.Card.GameWinnerTest" file="/home/caas23/dbwebb-kurser/mvc/me/report/tests/Card/GameWinnerTest.php" line="50" assertions="1" time="0.001516"/>
      </testsuite>
      <testsuite name="Caas23\Card\SessionHandlerTest" file="/home/caas23/dbwebb-kurser/mvc/me/report/tests/Card/SessionHandlerTest.php" tests="3" assertions="3" errors="0" warnings="0" failures="0" skipped="0" time="0.002324">
        <testcase name="testCreateParent" class="Caas23\Card\SessionHandlerTest" classname="Caas23.Card.SessionHandlerTest" file="/home/caas23/dbwebb-kurser/mvc/me/report/tests/Card/SessionHandlerTest.php" line="17" assertions="1" time="0.000767"/>
        <testcase name="testSessionInit" class="Caas23\Card\SessionHandlerTest" classname="Caas23.Card.SessionHandlerTest" file="/home/caas23/dbwebb-kurser/mvc/me/report/tests/Card/SessionHandlerTest.php" line="26" assertions="1" time="0.000742"/>
        <testcase name="testcheckBust" class="Caas23\Card\SessionHandlerTest" classname="Caas23.Card.SessionHandlerTest" file="/home/caas23/dbwebb-kurser/mvc/me/report/tests/Card/SessionHandlerTest.php" line="38" assertions="1" time="0.000814"/>
      </testsuite>
      <testsuite name="Caas23\Project\ChartFunctions2Test" file="/home/caas23/dbwebb-kurser/mvc/me/report/tests/Project/ChartFunctions2Test.php" tests="2" assertions="4" errors="0" warnings="0" failures="0" skipped="0" time="0.496870">
        <testcase name="testSetUpHealth" class="Caas23\Project\ChartFunctions2Test" classname="Caas23.Project.ChartFunctions2Test" file="/home/caas23/dbwebb-kurser/mvc/me/report/tests/Project/ChartFunctions2Test.php" line="32" assertions="2" time="0.399716"/>
        <testcase name="testSetUpEnergy" class="Caas23\Project\ChartFunctions2Test" classname="Caas23.Project.ChartFunctions2Test" file="/home/caas23/dbwebb-kurser/mvc/me/report/tests/Project/ChartFunctions2Test.php" line="45" assertions="2" time="0.097155"/>
      </testsuite>
      <testsuite name="Caas23\Project\ChartFunctionsTest" file="/home/caas23/dbwebb-kurser/mvc/me/report/tests/Project/ChartFunctionsTest.php" tests="9" assertions="27" errors="0" warnings="0" failures="0" skipped="0" time="0.013979">
        <testcase name="testCreate" class="Caas23\Project\ChartFunctionsTest" classname="Caas23.Project.ChartFunctionsTest" file="/home/caas23/dbwebb-kurser/mvc/me/report/tests/Project/ChartFunctionsTest.php" line="21" assertions="1" time="0.000502"/>
        <testcase name="testSetOptionsDoughnutHealth" class="Caas23\Project\ChartFunctionsTest" classname="Caas23.Project.ChartFunctionsTest" file="/home/caas23/dbwebb-kurser/mvc/me/report/tests/Project/ChartFunctionsTest.php" line="31" assertions="2" time="0.003994"/>
        <testcase name="testSetOptionsBarHealth" class="Caas23\Project\ChartFunctionsTest" classname="Caas23.Project.ChartFunctionsTest" file="/home/caas23/dbwebb-kurser/mvc/me/report/tests/Project/ChartFunctionsTest.php" line="44" assertions="2" time="0.000707"/>
        <testcase name="testSetOptionsEnergy" class="Caas23\Project\ChartFunctionsTest" classname="Caas23.Project.ChartFunctionsTest" file="/home/caas23/dbwebb-kurser/mvc/me/report/tests/Project/ChartFunctionsTest.php" line="57" assertions="2" time="0.000676"/>
        <testcase name="testSetDataDoughnutHealth" class="Caas23\Project\ChartFunctionsTest" classname="Caas23.Project.ChartFunctionsTest" file="/home/caas23/dbwebb-kurser/mvc/me/report/tests/Project/ChartFunctionsTest.php" line="70" assertions="4" time="0.003222"/>
        <testcase name="testSetDataBarHealth" class="Caas23\Project\ChartFunctionsTest" classname="Caas23.Project.ChartFunctionsTest" file="/home/caas23/dbwebb-kurser/mvc/me/report/tests/Project/ChartFunctionsTest.php" line="94" assertions="4" time="0.001074"/>
        <testcase name="testSetDataEnergyUse" class="Caas23\Project\ChartFunctionsTest" classname="Caas23.Project.ChartFunctionsTest" file="/home/caas23/dbwebb-kurser/mvc/me/report/tests/Project/ChartFunctionsTest.php" line="120" assertions="4" time="0.002046"/>
        <testcase name="testSetDataEnergySupply" class="Caas23\Project\ChartFunctionsTest" classname="Caas23.Project.ChartFunctionsTest" file="/home/caas23/dbwebb-kurser/mvc/me/report/tests/Project/ChartFunctionsTest.php" line="145" assertions="4" time="0.000912"/>
        <testcase name="testSetDataEnergyPetro" class="Caas23\Project\ChartFunctionsTest" classname="Caas23.Project.ChartFunctionsTest" file="/home/caas23/dbwebb-kurser/mvc/me/report/tests/Project/ChartFunctionsTest.php" line="170" assertions="4" time="0.000845"/>
      </testsuite>
      <testsuite name="Caas23\Project\DeceasedCovidFunctionsTest" file="/home/caas23/dbwebb-kurser/mvc/me/report/tests/Project/DeceasedCovidFunctionsTest.php" tests="1" assertions="14" errors="0" warnings="0" failures="0" skipped="0" time="0.046697">
        <testcase name="testGetData" class="Caas23\Project\DeceasedCovidFunctionsTest" classname="Caas23.Project.DeceasedCovidFunctionsTest" file="/home/caas23/dbwebb-kurser/mvc/me/report/tests/Project/DeceasedCovidFunctionsTest.php" line="28" assertions="14" time="0.046697"/>
      </testsuite>
      <testsuite name="Caas23\Project\DeceasedGeneralFunctionsTest" file="/home/caas23/dbwebb-kurser/mvc/me/report/tests/Project/DeceasedGeneralFunctionsTest.php" tests="1" assertions="4" errors="0" warnings="0" failures="0" skipped="0" time="0.038918">
        <testcase name="testGetData" class="Caas23\Project\DeceasedGeneralFunctionsTest" classname="Caas23.Project.DeceasedGeneralFunctionsTest" file="/home/caas23/dbwebb-kurser/mvc/me/report/tests/Project/DeceasedGeneralFunctionsTest.php" line="28" assertions="4" time="0.038918"/>
      </testsuite>
      <testsuite name="Caas23\Project\EnergyPetroFunctionsTest" file="/home/caas23/dbwebb-kurser/mvc/me/report/tests/Project/EnergyPetroFunctionsTest.php" tests="1" assertions="9" errors="0" warnings="0" failures="0" skipped="0" time="0.032325">
        <testcase name="testGetData" class="Caas23\Project\EnergyPetroFunctionsTest" classname="Caas23.Project.EnergyPetroFunctionsTest" file="/home/caas23/dbwebb-kurser/mvc/me/report/tests/Project/EnergyPetroFunctionsTest.php" line="28" assertions="9" time="0.032325"/>
      </testsuite>
      <testsuite name="Caas23\Project\EnergySupplyFunctionsTest" file="/home/caas23/dbwebb-kurser/mvc/me/report/tests/Project/EnergySupplyFunctionsTest.php" tests="1" assertions="7" errors="0" warnings="0" failures="0" skipped="0" time="0.036573">
        <testcase name="testGetData" class="Caas23\Project\EnergySupplyFunctionsTest" classname="Caas23.Project.EnergySupplyFunctionsTest" file="/home/caas23/dbwebb-kurser/mvc/me/report/tests/Project/EnergySupplyFunctionsTest.php" line="28" assertions="7" time="0.036573"/>
      </testsuite>
      <testsuite name="Caas23\Project\EnergyUseFunctionsTest" file="/home/caas23/dbwebb-kurser/mvc/me/report/tests/Project/EnergyUseFunctionsTest.php" tests="1" assertions="4" errors="0" warnings="0" failures="0" skipped="0" time="0.034547">
        <testcase name="testGetData" class="Caas23\Project\EnergyUseFunctionsTest" classname="Caas23.Project.EnergyUseFunctionsTest" file="/home/caas23/dbwebb-kurser/mvc/me/report/tests/Project/EnergyUseFunctionsTest.php" line="28" assertions="4" time="0.034547"/>
      </testsuite>
    </testsuite>
  </testsuite>
</testsuites>
