<?xml version="1.0" encoding="UTF-8"?>
<testsuites>
  <testsuite name="" tests="25" assertions="42" errors="0" warnings="0" failures="0" skipped="0" time="0.061314">
    <testsuite name="Project Test Suite" tests="25" assertions="42" errors="0" warnings="0" failures="0" skipped="0" time="0.061314">
      <testsuite name="Caas23\Card\CardHandTest" file="/home/caas23/dbwebb-kurser/mvc/me/report/tests/Card/CardHandTest.php" tests="4" assertions="5" errors="0" warnings="0" failures="0" skipped="0" time="0.029996">
        <testcase name="testCreateHand" class="Caas23\Card\CardHandTest" classname="Caas23.Card.CardHandTest" file="/home/caas23/dbwebb-kurser/mvc/me/report/tests/Card/CardHandTest.php" line="15" assertions="1" time="0.009648"/>
        <testcase name="testAddStubbedCards" class="Caas23\Card\CardHandTest" classname="Caas23.Card.CardHandTest" file="/home/caas23/dbwebb-kurser/mvc/me/report/tests/Card/CardHandTest.php" line="24" assertions="2" time="0.017923"/>
        <testcase name="testGetOneCardFromHand" class="Caas23\Card\CardHandTest" classname="Caas23.Card.CardHandTest" file="/home/caas23/dbwebb-kurser/mvc/me/report/tests/Card/CardHandTest.php" line="40" assertions="1" time="0.001663"/>
        <testcase name="testGetCardEmptyHand" class="Caas23\Card\CardHandTest" classname="Caas23.Card.CardHandTest" file="/home/caas23/dbwebb-kurser/mvc/me/report/tests/Card/CardHandTest.php" line="60" assertions="1" time="0.000762"/>
      </testsuite>
      <testsuite name="Caas23\Card\CardMultipleTest" file="/home/caas23/dbwebb-kurser/mvc/me/report/tests/Card/CardMultipleTest.php" tests="3" assertions="7" errors="0" warnings="0" failures="0" skipped="0" time="0.008740">
        <testcase name="testCreate" class="Caas23\Card\CardMultipleTest" classname="Caas23.Card.CardMultipleTest" file="/home/caas23/dbwebb-kurser/mvc/me/report/tests/Card/CardMultipleTest.php" line="16" assertions="1" time="0.000957"/>
        <testcase name="testDrawMutliple" class="Caas23\Card\CardMultipleTest" classname="Caas23.Card.CardMultipleTest" file="/home/caas23/dbwebb-kurser/mvc/me/report/tests/Card/CardMultipleTest.php" line="25" assertions="3" time="0.006811"/>
        <testcase name="testDrawMutlipleJokers" class="Caas23\Card\CardMultipleTest" classname="Caas23.Card.CardMultipleTest" file="/home/caas23/dbwebb-kurser/mvc/me/report/tests/Card/CardMultipleTest.php" line="41" assertions="3" time="0.000972"/>
      </testsuite>
      <testsuite name="Caas23\Card\CardTest" file="/home/caas23/dbwebb-kurser/mvc/me/report/tests/Card/CardTest.php" tests="3" assertions="9" errors="0" warnings="0" failures="0" skipped="0" time="0.006283">
        <testcase name="testCreateCard" class="Caas23\Card\CardTest" classname="Caas23.Card.CardTest" file="/home/caas23/dbwebb-kurser/mvc/me/report/tests/Card/CardTest.php" line="16" assertions="1" time="0.000499"/>
        <testcase name="testGetOneCard" class="Caas23\Card\CardTest" classname="Caas23.Card.CardTest" file="/home/caas23/dbwebb-kurser/mvc/me/report/tests/Card/CardTest.php" line="25" assertions="2" time="0.000561"/>
        <testcase name="testGetValueOfCard" class="Caas23\Card\CardTest" classname="Caas23.Card.CardTest" file="/home/caas23/dbwebb-kurser/mvc/me/report/tests/Card/CardTest.php" line="38" assertions="6" time="0.005223"/>
      </testsuite>
      <testsuite name="Caas23\Card\CardValuesTest" file="/home/caas23/dbwebb-kurser/mvc/me/report/tests/Card/CardValuesTest.php" tests="3" assertions="3" errors="0" warnings="0" failures="0" skipped="0" time="0.004063">
        <testcase name="testCreateParent" class="Caas23\Card\CardValuesTest" classname="Caas23.Card.CardValuesTest" file="/home/caas23/dbwebb-kurser/mvc/me/report/tests/Card/CardValuesTest.php" line="17" assertions="1" time="0.001282"/>
        <testcase name="testSetValue" class="Caas23\Card\CardValuesTest" classname="Caas23.Card.CardValuesTest" file="/home/caas23/dbwebb-kurser/mvc/me/report/tests/Card/CardValuesTest.php" line="26" assertions="1" time="0.001531"/>
        <testcase name="testSetAceValue" class="Caas23\Card\CardValuesTest" classname="Caas23.Card.CardValuesTest" file="/home/caas23/dbwebb-kurser/mvc/me/report/tests/Card/CardValuesTest.php" line="40" assertions="1" time="0.001250"/>
      </testsuite>
      <testsuite name="Caas23\Card\DeckOfCardsJokerTest" file="/home/caas23/dbwebb-kurser/mvc/me/report/tests/Card/DeckOfCardsJokerTest.php" tests="2" assertions="5" errors="0" warnings="0" failures="0" skipped="0" time="0.002534">
        <testcase name="testCreateDeck" class="Caas23\Card\DeckOfCardsJokerTest" classname="Caas23.Card.DeckOfCardsJokerTest" file="/home/caas23/dbwebb-kurser/mvc/me/report/tests/Card/DeckOfCardsJokerTest.php" line="15" assertions="1" time="0.001084"/>
        <testcase name="testGetDeckOfCards" class="Caas23\Card\DeckOfCardsJokerTest" classname="Caas23.Card.DeckOfCardsJokerTest" file="/home/caas23/dbwebb-kurser/mvc/me/report/tests/Card/DeckOfCardsJokerTest.php" line="24" assertions="4" time="0.001450"/>
      </testsuite>
      <testsuite name="Caas23\Card\DeckOfCardsTest" file="/home/caas23/dbwebb-kurser/mvc/me/report/tests/Card/DeckOfCardsTest.php" tests="3" assertions="6" errors="0" warnings="0" failures="0" skipped="0" time="0.004492">
        <testcase name="testCreateDeck" class="Caas23\Card\DeckOfCardsTest" classname="Caas23.Card.DeckOfCardsTest" file="/home/caas23/dbwebb-kurser/mvc/me/report/tests/Card/DeckOfCardsTest.php" line="15" assertions="1" time="0.000485"/>
        <testcase name="testGetDeckOfCards" class="Caas23\Card\DeckOfCardsTest" classname="Caas23.Card.DeckOfCardsTest" file="/home/caas23/dbwebb-kurser/mvc/me/report/tests/Card/DeckOfCardsTest.php" line="24" assertions="2" time="0.000494"/>
        <testcase name="testGetDeckOfCardsShuffled" class="Caas23\Card\DeckOfCardsTest" classname="Caas23.Card.DeckOfCardsTest" file="/home/caas23/dbwebb-kurser/mvc/me/report/tests/Card/DeckOfCardsTest.php" line="35" assertions="3" time="0.003514"/>
      </testsuite>
      <testsuite name="Caas23\Card\GameWinnerTest" file="/home/caas23/dbwebb-kurser/mvc/me/report/tests/Card/GameWinnerTest.php" tests="4" assertions="4" errors="0" warnings="0" failures="0" skipped="0" time="0.003225">
        <testcase name="testCreateParent" class="Caas23\Card\GameWinnerTest" classname="Caas23.Card.GameWinnerTest" file="/home/caas23/dbwebb-kurser/mvc/me/report/tests/Card/GameWinnerTest.php" line="17" assertions="1" time="0.000531"/>
        <testcase name="testAddWinnerToSession" class="Caas23\Card\GameWinnerTest" classname="Caas23.Card.GameWinnerTest" file="/home/caas23/dbwebb-kurser/mvc/me/report/tests/Card/GameWinnerTest.php" line="27" assertions="1" time="0.000947"/>
        <testcase name="testcheckWinnerBanksTurn" class="Caas23\Card\GameWinnerTest" classname="Caas23.Card.GameWinnerTest" file="/home/caas23/dbwebb-kurser/mvc/me/report/tests/Card/GameWinnerTest.php" line="38" assertions="1" time="0.001033"/>
        <testcase name="testcheckWinnerPlayersTurn" class="Caas23\Card\GameWinnerTest" classname="Caas23.Card.GameWinnerTest" file="/home/caas23/dbwebb-kurser/mvc/me/report/tests/Card/GameWinnerTest.php" line="50" assertions="1" time="0.000713"/>
      </testsuite>
      <testsuite name="Caas23\Card\SessionHandlerTest" file="/home/caas23/dbwebb-kurser/mvc/me/report/tests/Card/SessionHandlerTest.php" tests="3" assertions="3" errors="0" warnings="0" failures="0" skipped="0" time="0.001981">
        <testcase name="testCreateParent" class="Caas23\Card\SessionHandlerTest" classname="Caas23.Card.SessionHandlerTest" file="/home/caas23/dbwebb-kurser/mvc/me/report/tests/Card/SessionHandlerTest.php" line="17" assertions="1" time="0.000433"/>
        <testcase name="testSessionInit" class="Caas23\Card\SessionHandlerTest" classname="Caas23.Card.SessionHandlerTest" file="/home/caas23/dbwebb-kurser/mvc/me/report/tests/Card/SessionHandlerTest.php" line="26" assertions="1" time="0.000828"/>
        <testcase name="testcheckBust" class="Caas23\Card\SessionHandlerTest" classname="Caas23.Card.SessionHandlerTest" file="/home/caas23/dbwebb-kurser/mvc/me/report/tests/Card/SessionHandlerTest.php" line="38" assertions="1" time="0.000721"/>
      </testsuite>
    </testsuite>
  </testsuite>
</testsuites>
