<?xml version="1.0" encoding="UTF-8"?>
<testsuites>
  <testsuite name="" tests="41" assertions="111" errors="0" warnings="0" failures="0" skipped="0" time="0.847612">
    <testsuite name="Project Test Suite" tests="41" assertions="111" errors="0" warnings="0" failures="0" skipped="0" time="0.847612">
      <testsuite name="Caas23\Card\CardHandTest" file="/home/caas23/dbwebb-kurser/mvc/me/report/tests/Card/CardHandTest.php" tests="4" assertions="5" errors="0" warnings="0" failures="0" skipped="0" time="0.028719">
        <testcase name="testCreateHand" class="Caas23\Card\CardHandTest" classname="Caas23.Card.CardHandTest" file="/home/caas23/dbwebb-kurser/mvc/me/report/tests/Card/CardHandTest.php" line="15" assertions="1" time="0.009304"/>
        <testcase name="testAddStubbedCards" class="Caas23\Card\CardHandTest" classname="Caas23.Card.CardHandTest" file="/home/caas23/dbwebb-kurser/mvc/me/report/tests/Card/CardHandTest.php" line="24" assertions="2" time="0.017425"/>
        <testcase name="testGetOneCardFromHand" class="Caas23\Card\CardHandTest" classname="Caas23.Card.CardHandTest" file="/home/caas23/dbwebb-kurser/mvc/me/report/tests/Card/CardHandTest.php" line="40" assertions="1" time="0.001614"/>
        <testcase name="testGetCardEmptyHand" class="Caas23\Card\CardHandTest" classname="Caas23.Card.CardHandTest" file="/home/caas23/dbwebb-kurser/mvc/me/report/tests/Card/CardHandTest.php" line="60" assertions="1" time="0.000376"/>
      </testsuite>
      <testsuite name="Caas23\Card\CardMultipleTest" file="/home/caas23/dbwebb-kurser/mvc/me/report/tests/Card/CardMultipleTest.php" tests="3" assertions="7" errors="0" warnings="0" failures="0" skipped="0" time="0.011316">
        <testcase name="testCreate" class="Caas23\Card\CardMultipleTest" classname="Caas23.Card.CardMultipleTest" file="/home/caas23/dbwebb-kurser/mvc/me/report/tests/Card/CardMultipleTest.php" line="16" assertions="1" time="0.000852"/>
        <testcase name="testDrawMutliple" class="Caas23\Card\CardMultipleTest" classname="Caas23.Card.CardMultipleTest" file="/home/caas23/dbwebb-kurser/mvc/me/report/tests/Card/CardMultipleTest.php" line="25" assertions="3" time="0.009524"/>
        <testcase name="testDrawMutlipleJokers" class="Caas23\Card\CardMultipleTest" classname="Caas23.Card.CardMultipleTest" file="/home/caas23/dbwebb-kurser/mvc/me/report/tests/Card/CardMultipleTest.php" line="41" assertions="3" time="0.000939"/>
      </testsuite>
      <testsuite name="Caas23\Card\CardTest" file="/home/caas23/dbwebb-kurser/mvc/me/report/tests/Card/CardTest.php" tests="3" assertions="9" errors="0" warnings="0" failures="0" skipped="0" time="0.005671">
        <testcase name="testCreateCard" class="Caas23\Card\CardTest" classname="Caas23.Card.CardTest" file="/home/caas23/dbwebb-kurser/mvc/me/report/tests/Card/CardTest.php" line="16" assertions="1" time="0.000443"/>
        <testcase name="testGetOneCard" class="Caas23\Card\CardTest" classname="Caas23.Card.CardTest" file="/home/caas23/dbwebb-kurser/mvc/me/report/tests/Card/CardTest.php" line="25" assertions="2" time="0.001078"/>
        <testcase name="testGetValueOfCard" class="Caas23\Card\CardTest" classname="Caas23.Card.CardTest" file="/home/caas23/dbwebb-kurser/mvc/me/report/tests/Card/CardTest.php" line="38" assertions="6" time="0.004150"/>
      </testsuite>
      <testsuite name="Caas23\Card\CardValuesTest" file="/home/caas23/dbwebb-kurser/mvc/me/report/tests/Card/CardValuesTest.php" tests="3" assertions="3" errors="0" warnings="0" failures="0" skipped="0" time="0.004387">
        <testcase name="testCreateParent" class="Caas23\Card\CardValuesTest" classname="Caas23.Card.CardValuesTest" file="/home/caas23/dbwebb-kurser/mvc/me/report/tests/Card/CardValuesTest.php" line="17" assertions="1" time="0.001322"/>
        <testcase name="testSetValue" class="Caas23\Card\CardValuesTest" classname="Caas23.Card.CardValuesTest" file="/home/caas23/dbwebb-kurser/mvc/me/report/tests/Card/CardValuesTest.php" line="26" assertions="1" time="0.002321"/>
        <testcase name="testSetAceValue" class="Caas23\Card\CardValuesTest" classname="Caas23.Card.CardValuesTest" file="/home/caas23/dbwebb-kurser/mvc/me/report/tests/Card/CardValuesTest.php" line="40" assertions="1" time="0.000743"/>
      </testsuite>
      <testsuite name="Caas23\Card\DeckOfCardsJokerTest" file="/home/caas23/dbwebb-kurser/mvc/me/report/tests/Card/DeckOfCardsJokerTest.php" tests="2" assertions="5" errors="0" warnings="0" failures="0" skipped="0" time="0.002858">
        <testcase name="testCreateDeck" class="Caas23\Card\DeckOfCardsJokerTest" classname="Caas23.Card.DeckOfCardsJokerTest" file="/home/caas23/dbwebb-kurser/mvc/me/report/tests/Card/DeckOfCardsJokerTest.php" line="15" assertions="1" time="0.001200"/>
        <testcase name="testGetDeckOfCards" class="Caas23\Card\DeckOfCardsJokerTest" classname="Caas23.Card.DeckOfCardsJokerTest" file="/home/caas23/dbwebb-kurser/mvc/me/report/tests/Card/DeckOfCardsJokerTest.php" line="24" assertions="4" time="0.001658"/>
      </testsuite>
      <testsuite name="Caas23\Card\DeckOfCardsTest" file="/home/caas23/dbwebb-kurser/mvc/me/report/tests/Card/DeckOfCardsTest.php" tests="3" assertions="6" errors="0" warnings="0" failures="0" skipped="0" time="0.006106">
        <testcase name="testCreateDeck" class="Caas23\Card\DeckOfCardsTest" classname="Caas23.Card.DeckOfCardsTest" file="/home/caas23/dbwebb-kurser/mvc/me/report/tests/Card/DeckOfCardsTest.php" line="15" assertions="1" time="0.000438"/>
        <testcase name="testGetDeckOfCards" class="Caas23\Card\DeckOfCardsTest" classname="Caas23.Card.DeckOfCardsTest" file="/home/caas23/dbwebb-kurser/mvc/me/report/tests/Card/DeckOfCardsTest.php" line="24" assertions="2" time="0.000608"/>
        <testcase name="testGetDeckOfCardsShuffled" class="Caas23\Card\DeckOfCardsTest" classname="Caas23.Card.DeckOfCardsTest" file="/home/caas23/dbwebb-kurser/mvc/me/report/tests/Card/DeckOfCardsTest.php" line="35" assertions="3" time="0.005060"/>
      </testsuite>
      <testsuite name="Caas23\Card\GameWinnerTest" file="/home/caas23/dbwebb-kurser/mvc/me/report/tests/Card/GameWinnerTest.php" tests="4" assertions="4" errors="0" warnings="0" failures="0" skipped="0" time="0.003073">
        <testcase name="testCreateParent" class="Caas23\Card\GameWinnerTest" classname="Caas23.Card.GameWinnerTest" file="/home/caas23/dbwebb-kurser/mvc/me/report/tests/Card/GameWinnerTest.php" line="17" assertions="1" time="0.000947"/>
        <testcase name="testAddWinnerToSession" class="Caas23\Card\GameWinnerTest" classname="Caas23.Card.GameWinnerTest" file="/home/caas23/dbwebb-kurser/mvc/me/report/tests/Card/GameWinnerTest.php" line="27" assertions="1" time="0.000734"/>
        <testcase name="testcheckWinnerBanksTurn" class="Caas23\Card\GameWinnerTest" classname="Caas23.Card.GameWinnerTest" file="/home/caas23/dbwebb-kurser/mvc/me/report/tests/Card/GameWinnerTest.php" line="38" assertions="1" time="0.000619"/>
        <testcase name="testcheckWinnerPlayersTurn" class="Caas23\Card\GameWinnerTest" classname="Caas23.Card.GameWinnerTest" file="/home/caas23/dbwebb-kurser/mvc/me/report/tests/Card/GameWinnerTest.php" line="50" assertions="1" time="0.000772"/>
      </testsuite>
      <testsuite name="Caas23\Card\SessionHandlerTest" file="/home/caas23/dbwebb-kurser/mvc/me/report/tests/Card/SessionHandlerTest.php" tests="3" assertions="3" errors="0" warnings="0" failures="0" skipped="0" time="0.002136">
        <testcase name="testCreateParent" class="Caas23\Card\SessionHandlerTest" classname="Caas23.Card.SessionHandlerTest" file="/home/caas23/dbwebb-kurser/mvc/me/report/tests/Card/SessionHandlerTest.php" line="17" assertions="1" time="0.000426"/>
        <testcase name="testSessionInit" class="Caas23\Card\SessionHandlerTest" classname="Caas23.Card.SessionHandlerTest" file="/home/caas23/dbwebb-kurser/mvc/me/report/tests/Card/SessionHandlerTest.php" line="26" assertions="1" time="0.000906"/>
        <testcase name="testcheckBust" class="Caas23\Card\SessionHandlerTest" classname="Caas23.Card.SessionHandlerTest" file="/home/caas23/dbwebb-kurser/mvc/me/report/tests/Card/SessionHandlerTest.php" line="38" assertions="1" time="0.000803"/>
      </testsuite>
      <testsuite name="Caas23\Project\ChartFunctions2Test" file="/home/caas23/dbwebb-kurser/mvc/me/report/tests/Project/ChartFunctions2Test.php" tests="2" assertions="4" errors="0" warnings="0" failures="0" skipped="0" time="0.596722">
        <testcase name="testSetUpHealth" class="Caas23\Project\ChartFunctions2Test" classname="Caas23.Project.ChartFunctions2Test" file="/home/caas23/dbwebb-kurser/mvc/me/report/tests/Project/ChartFunctions2Test.php" line="32" assertions="2" time="0.483331"/>
        <testcase name="testSetUpEnergy" class="Caas23\Project\ChartFunctions2Test" classname="Caas23.Project.ChartFunctions2Test" file="/home/caas23/dbwebb-kurser/mvc/me/report/tests/Project/ChartFunctions2Test.php" line="45" assertions="2" time="0.113391"/>
      </testsuite>
      <testsuite name="Caas23\Project\ChartFunctionsTest" file="/home/caas23/dbwebb-kurser/mvc/me/report/tests/Project/ChartFunctionsTest.php" tests="9" assertions="27" errors="0" warnings="0" failures="0" skipped="0" time="0.011576">
        <testcase name="testCreate" class="Caas23\Project\ChartFunctionsTest" classname="Caas23.Project.ChartFunctionsTest" file="/home/caas23/dbwebb-kurser/mvc/me/report/tests/Project/ChartFunctionsTest.php" line="21" assertions="1" time="0.000470"/>
        <testcase name="testSetOptionsDoughnutHealth" class="Caas23\Project\ChartFunctionsTest" classname="Caas23.Project.ChartFunctionsTest" file="/home/caas23/dbwebb-kurser/mvc/me/report/tests/Project/ChartFunctionsTest.php" line="31" assertions="2" time="0.003197"/>
        <testcase name="testSetOptionsBarHealth" class="Caas23\Project\ChartFunctionsTest" classname="Caas23.Project.ChartFunctionsTest" file="/home/caas23/dbwebb-kurser/mvc/me/report/tests/Project/ChartFunctionsTest.php" line="44" assertions="2" time="0.000725"/>
        <testcase name="testSetOptionsEnergy" class="Caas23\Project\ChartFunctionsTest" classname="Caas23.Project.ChartFunctionsTest" file="/home/caas23/dbwebb-kurser/mvc/me/report/tests/Project/ChartFunctionsTest.php" line="57" assertions="2" time="0.000740"/>
        <testcase name="testSetDataDoughnutHealth" class="Caas23\Project\ChartFunctionsTest" classname="Caas23.Project.ChartFunctionsTest" file="/home/caas23/dbwebb-kurser/mvc/me/report/tests/Project/ChartFunctionsTest.php" line="70" assertions="4" time="0.002815"/>
        <testcase name="testSetDataBarHealth" class="Caas23\Project\ChartFunctionsTest" classname="Caas23.Project.ChartFunctionsTest" file="/home/caas23/dbwebb-kurser/mvc/me/report/tests/Project/ChartFunctionsTest.php" line="94" assertions="4" time="0.000965"/>
        <testcase name="testSetDataEnergyUse" class="Caas23\Project\ChartFunctionsTest" classname="Caas23.Project.ChartFunctionsTest" file="/home/caas23/dbwebb-kurser/mvc/me/report/tests/Project/ChartFunctionsTest.php" line="120" assertions="4" time="0.000928"/>
        <testcase name="testSetDataEnergySupply" class="Caas23\Project\ChartFunctionsTest" classname="Caas23.Project.ChartFunctionsTest" file="/home/caas23/dbwebb-kurser/mvc/me/report/tests/Project/ChartFunctionsTest.php" line="145" assertions="4" time="0.000860"/>
        <testcase name="testSetDataEnergyPetro" class="Caas23\Project\ChartFunctionsTest" classname="Caas23.Project.ChartFunctionsTest" file="/home/caas23/dbwebb-kurser/mvc/me/report/tests/Project/ChartFunctionsTest.php" line="170" assertions="4" time="0.000876"/>
      </testsuite>
      <testsuite name="Caas23\Project\DeceasedCovidFunctionsTest" file="/home/caas23/dbwebb-kurser/mvc/me/report/tests/Project/DeceasedCovidFunctionsTest.php" tests="1" assertions="14" errors="0" warnings="0" failures="0" skipped="0" time="0.042792">
        <testcase name="testGetData" class="Caas23\Project\DeceasedCovidFunctionsTest" classname="Caas23.Project.DeceasedCovidFunctionsTest" file="/home/caas23/dbwebb-kurser/mvc/me/report/tests/Project/DeceasedCovidFunctionsTest.php" line="28" assertions="14" time="0.042792"/>
      </testsuite>
      <testsuite name="Caas23\Project\DeceasedGeneralFunctionsTest" file="/home/caas23/dbwebb-kurser/mvc/me/report/tests/Project/DeceasedGeneralFunctionsTest.php" tests="1" assertions="4" errors="0" warnings="0" failures="0" skipped="0" time="0.036327">
        <testcase name="testGetData" class="Caas23\Project\DeceasedGeneralFunctionsTest" classname="Caas23.Project.DeceasedGeneralFunctionsTest" file="/home/caas23/dbwebb-kurser/mvc/me/report/tests/Project/DeceasedGeneralFunctionsTest.php" line="28" assertions="4" time="0.036327"/>
      </testsuite>
      <testsuite name="Caas23\Project\EnergyPetroFunctionsTest" file="/home/caas23/dbwebb-kurser/mvc/me/report/tests/Project/EnergyPetroFunctionsTest.php" tests="1" assertions="9" errors="0" warnings="0" failures="0" skipped="0" time="0.032107">
        <testcase name="testGetData" class="Caas23\Project\EnergyPetroFunctionsTest" classname="Caas23.Project.EnergyPetroFunctionsTest" file="/home/caas23/dbwebb-kurser/mvc/me/report/tests/Project/EnergyPetroFunctionsTest.php" line="28" assertions="9" time="0.032107"/>
      </testsuite>
      <testsuite name="Caas23\Project\EnergySupplyFunctionsTest" file="/home/caas23/dbwebb-kurser/mvc/me/report/tests/Project/EnergySupplyFunctionsTest.php" tests="1" assertions="7" errors="0" warnings="0" failures="0" skipped="0" time="0.030537">
        <testcase name="testGetData" class="Caas23\Project\EnergySupplyFunctionsTest" classname="Caas23.Project.EnergySupplyFunctionsTest" file="/home/caas23/dbwebb-kurser/mvc/me/report/tests/Project/EnergySupplyFunctionsTest.php" line="28" assertions="7" time="0.030537"/>
      </testsuite>
      <testsuite name="Caas23\Project\EnergyUseFunctionsTest" file="/home/caas23/dbwebb-kurser/mvc/me/report/tests/Project/EnergyUseFunctionsTest.php" tests="1" assertions="4" errors="0" warnings="0" failures="0" skipped="0" time="0.033287">
        <testcase name="testGetData" class="Caas23\Project\EnergyUseFunctionsTest" classname="Caas23.Project.EnergyUseFunctionsTest" file="/home/caas23/dbwebb-kurser/mvc/me/report/tests/Project/EnergyUseFunctionsTest.php" line="28" assertions="4" time="0.033287"/>
      </testsuite>
    </testsuite>
  </testsuite>
</testsuites>
